INFO:hackathon.launcher:app launching...
INFO:hackathon.launcher:execute script: GOPATH=/vagrant go run src/github.com/wanggp3/main.go
2015/11/25 16:01:05 loaduser start
2015/11/25 16:01:05 loaduser end
2015/11/25 16:01:05 main init start
2015/11/25 16:01:05 main init end
INFO:hackathon.launcher:app launching...
INFO:hackathon.launcher:execute script: GOPATH=/vagrant go run src/github.com/wanggp3/main.go
2015/11/25 16:01:06 loaduser start
2015/11/25 16:01:06 loaduser end
2015/11/25 16:01:06 main init start
2015/11/25 16:01:06 main init end
INFO:hackathon.launcher:app launching...
Traceback (most recent call last):
  File "/usr/local/bin/launcher", line 55, in <module>
    main()
  File "/usr/local/bin/launcher", line 27, in main
    config = yaml.load(f)
  File "/usr/lib/python2.7/dist-packages/yaml/__init__.py", line 71, in load
    return loader.get_single_data()
  File "/usr/lib/python2.7/dist-packages/yaml/constructor.py", line 37, in get_single_data
    node = self.get_single_node()
  File "/usr/lib/python2.7/dist-packages/yaml/composer.py", line 36, in get_single_node
    document = self.compose_document()
  File "/usr/lib/python2.7/dist-packages/yaml/composer.py", line 55, in compose_document
    node = self.compose_node(None, None)
  File "/usr/lib/python2.7/dist-packages/yaml/composer.py", line 84, in compose_node
    node = self.compose_mapping_node(anchor)
  File "/usr/lib/python2.7/dist-packages/yaml/composer.py", line 133, in compose_mapping_node
    item_value = self.compose_node(node, item_key)
  File "/usr/lib/python2.7/dist-packages/yaml/composer.py", line 82, in compose_node
    node = self.compose_sequence_node(anchor)
  File "/usr/lib/python2.7/dist-packages/yaml/composer.py", line 110, in compose_sequence_node
    while not self.check_event(SequenceEndEvent):
  File "/usr/lib/python2.7/dist-packages/yaml/parser.py", line 98, in check_event
    self.current_event = self.state()
  File "/usr/lib/python2.7/dist-packages/yaml/parser.py", line 382, in parse_block_sequence_entry
    if self.check_token(BlockEntryToken):
  File "/usr/lib/python2.7/dist-packages/yaml/scanner.py", line 116, in check_token
    self.fetch_more_tokens()
  File "/usr/lib/python2.7/dist-packages/yaml/scanner.py", line 257, in fetch_more_tokens
    % ch.encode('utf-8'), self.get_mark())
yaml.scanner.ScannerError: while scanning for the next token
found character '\t' that cannot start any token
  in "/vagrant/app.yml", line 4, column 1
INFO:hackathon.launcher:app launching...
Traceback (most recent call last):
  File "/usr/local/bin/launcher", line 55, in <module>
    main()
  File "/usr/local/bin/launcher", line 27, in main
    config = yaml.load(f)
  File "/usr/lib/python2.7/dist-packages/yaml/__init__.py", line 71, in load
    return loader.get_single_data()
  File "/usr/lib/python2.7/dist-packages/yaml/constructor.py", line 37, in get_single_data
    node = self.get_single_node()
  File "/usr/lib/python2.7/dist-packages/yaml/composer.py", line 36, in get_single_node
    document = self.compose_document()
  File "/usr/lib/python2.7/dist-packages/yaml/composer.py", line 55, in compose_document
    node = self.compose_node(None, None)
  File "/usr/lib/python2.7/dist-packages/yaml/composer.py", line 84, in compose_node
    node = self.compose_mapping_node(anchor)
  File "/usr/lib/python2.7/dist-packages/yaml/composer.py", line 133, in compose_mapping_node
    item_value = self.compose_node(node, item_key)
  File "/usr/lib/python2.7/dist-packages/yaml/composer.py", line 82, in compose_node
    node = self.compose_sequence_node(anchor)
  File "/usr/lib/python2.7/dist-packages/yaml/composer.py", line 110, in compose_sequence_node
    while not self.check_event(SequenceEndEvent):
  File "/usr/lib/python2.7/dist-packages/yaml/parser.py", line 98, in check_event
    self.current_event = self.state()
  File "/usr/lib/python2.7/dist-packages/yaml/parser.py", line 382, in parse_block_sequence_entry
    if self.check_token(BlockEntryToken):
  File "/usr/lib/python2.7/dist-packages/yaml/scanner.py", line 116, in check_token
    self.fetch_more_tokens()
  File "/usr/lib/python2.7/dist-packages/yaml/scanner.py", line 257, in fetch_more_tokens
    % ch.encode('utf-8'), self.get_mark())
yaml.scanner.ScannerError: while scanning for the next token
found character '\t' that cannot start any token
  in "/vagrant/app.yml", line 4, column 1
INFO:hackathon.launcher:app launching...
INFO:hackathon.launcher:execute script: GOPATH=/vagrant go run src/github.com/wanggp3/main.go
2015/11/25 16:01:58 loaduser start
2015/11/25 16:01:58 loaduser end
2015/11/25 16:01:58 main init start
2015/11/25 16:01:58 main init end
INFO:hackathon.launcher:app launching...
INFO:hackathon.launcher:execute script: GOPATH=/vagrant go run src/github.com/wanggp3/main.go
2015/11/25 16:01:59 loaduser start
2015/11/25 16:01:59 loaduser end
2015/11/25 16:01:59 main init start
2015/11/25 16:01:59 main init end
INFO:hackathon.launcher:app launching...
INFO:hackathon.launcher:execute script: /
/bin/bash: /: Is a directory
INFO:hackathon.launcher:execute script: /
/bin/bash: /: Is a directory
INFO:hackathon.launcher:execute script:  
INFO:hackathon.launcher:execute script:  
INFO:hackathon.launcher:execute script: -
/bin/bash: -c: option requires an argument
INFO:hackathon.launcher:execute script:  
INFO:hackathon.launcher:execute script: G
/bin/bash: G: command not found
INFO:hackathon.launcher:execute script: O
/bin/bash: O: command not found
INFO:hackathon.launcher:execute script: P
/bin/bash: P: command not found
INFO:hackathon.launcher:execute script: A
/bin/bash: A: command not found
INFO:hackathon.launcher:execute script: T
/bin/bash: T: command not found
INFO:hackathon.launcher:execute script: H
/bin/bash: H: command not found
INFO:hackathon.launcher:execute script: =
/bin/bash: =: command not found
INFO:hackathon.launcher:execute script: /
/bin/bash: /: Is a directory
INFO:hackathon.launcher:execute script: v
/bin/bash: v: command not found
INFO:hackathon.launcher:execute script: a
/bin/bash: a: command not found
INFO:hackathon.launcher:execute script: g
/bin/bash: g: command not found
INFO:hackathon.launcher:execute script: r
/bin/bash: r: command not found
INFO:hackathon.launcher:execute script: a
/bin/bash: a: command not found
INFO:hackathon.launcher:execute script: n
/bin/bash: n: command not found
INFO:hackathon.launcher:execute script: t
/bin/bash: t: command not found
INFO:hackathon.launcher:execute script:  
INFO:hackathon.launcher:execute script: g
/bin/bash: g: command not found
INFO:hackathon.launcher:execute script: o
/bin/bash: o: command not found
INFO:hackathon.launcher:execute script:  
INFO:hackathon.launcher:execute script: r
/bin/bash: r: command not found
INFO:hackathon.launcher:execute script: u
/bin/bash: u: command not found
INFO:hackathon.launcher:execute script: n
/bin/bash: n: command not found
INFO:hackathon.launcher:execute script:  
INFO:hackathon.launcher:execute script: s
/bin/bash: s: command not found
INFO:hackathon.launcher:execute script: r
/bin/bash: r: command not found
INFO:hackathon.launcher:execute script: c
/bin/bash: c: command not found
INFO:hackathon.launcher:execute script: /
/bin/bash: /: Is a directory
INFO:hackathon.launcher:execute script: g
/bin/bash: g: command not found
INFO:hackathon.launcher:execute script: i
/bin/bash: i: command not found
INFO:hackathon.launcher:execute script: t
/bin/bash: t: command not found
INFO:hackathon.launcher:execute script: h
/bin/bash: h: command not found
INFO:hackathon.launcher:execute script: u
/bin/bash: u: command not found
INFO:hackathon.launcher:execute script: b
/bin/bash: b: command not found
INFO:hackathon.launcher:execute script: .
/bin/bash: line 0: .: filename argument required
.: usage: . filename [arguments]
INFO:hackathon.launcher:execute script: c
/bin/bash: c: command not found
INFO:hackathon.launcher:execute script: o
/bin/bash: o: command not found
INFO:hackathon.launcher:execute script: m
/bin/bash: m: command not found
INFO:hackathon.launcher:execute script: /
/bin/bash: /: Is a directory
INFO:hackathon.launcher:execute script: w
 16:23:16 up 1 day, 19:41,  2 users,  load average: 0.00, 0.01, 0.05
USER     TTY      FROM             LOGIN@   IDLE   JCPU   PCPU WHAT
vagrant  pts/0    10.0.2.2         Mon23    5.00s  5.63s  5.63s -bash
vagrant  pts/2    10.0.2.2         Tue19   24.00s  2.31s  2.31s -bash
INFO:hackathon.launcher:execute script: a
/bin/bash: a: command not found
INFO:hackathon.launcher:execute script: n
/bin/bash: n: command not found
INFO:hackathon.launcher:execute script: g
/bin/bash: g: command not found
INFO:hackathon.launcher:execute script: g
/bin/bash: g: command not found
INFO:hackathon.launcher:execute script: p
/bin/bash: p: command not found
INFO:hackathon.launcher:execute script: 3
/bin/bash: 3: command not found
INFO:hackathon.launcher:execute script: /
/bin/bash: /: Is a directory
INFO:hackathon.launcher:execute script: m
/bin/bash: m: command not found
INFO:hackathon.launcher:execute script: a
/bin/bash: a: command not found
INFO:hackathon.launcher:execute script: i
/bin/bash: i: command not found
INFO:hackathon.launcher:execute script: n
/bin/bash: n: command not found
INFO:hackathon.launcher:execute script: .
/bin/bash: line 0: .: filename argument required
.: usage: . filename [arguments]
INFO:hackathon.launcher:execute script: g
/bin/bash: g: command not found
INFO:hackathon.launcher:execute script: o
/bin/bash: o: command not found
INFO:hackathon.launcher:app launching...
INFO:hackathon.launcher:execute script: /
/bin/bash: /: Is a directory
INFO:hackathon.launcher:execute script: /
/bin/bash: /: Is a directory
INFO:hackathon.launcher:execute script:  
INFO:hackathon.launcher:execute script:  
INFO:hackathon.launcher:execute script: -
/bin/bash: -c: option requires an argument
INFO:hackathon.launcher:execute script:  
INFO:hackathon.launcher:execute script: G
/bin/bash: G: command not found
INFO:hackathon.launcher:execute script: O
/bin/bash: O: command not found
INFO:hackathon.launcher:execute script: P
/bin/bash: P: command not found
INFO:hackathon.launcher:execute script: A
/bin/bash: A: command not found
INFO:hackathon.launcher:execute script: T
/bin/bash: T: command not found
INFO:hackathon.launcher:execute script: H
/bin/bash: H: command not found
INFO:hackathon.launcher:execute script: =
/bin/bash: =: command not found
INFO:hackathon.launcher:execute script: /
/bin/bash: /: Is a directory
INFO:hackathon.launcher:execute script: v
/bin/bash: v: command not found
INFO:hackathon.launcher:execute script: a
/bin/bash: a: command not found
INFO:hackathon.launcher:execute script: g
/bin/bash: g: command not found
INFO:hackathon.launcher:execute script: r
/bin/bash: r: command not found
INFO:hackathon.launcher:execute script: a
/bin/bash: a: command not found
INFO:hackathon.launcher:execute script: n
/bin/bash: n: command not found
INFO:hackathon.launcher:execute script: t
/bin/bash: t: command not found
INFO:hackathon.launcher:execute script:  
INFO:hackathon.launcher:execute script: g
/bin/bash: g: command not found
INFO:hackathon.launcher:execute script: o
/bin/bash: o: command not found
INFO:hackathon.launcher:execute script:  
INFO:hackathon.launcher:execute script: r
/bin/bash: r: command not found
INFO:hackathon.launcher:execute script: u
/bin/bash: u: command not found
INFO:hackathon.launcher:execute script: n
/bin/bash: n: command not found
INFO:hackathon.launcher:execute script:  
INFO:hackathon.launcher:execute script: s
/bin/bash: s: command not found
INFO:hackathon.launcher:execute script: r
/bin/bash: r: command not found
INFO:hackathon.launcher:execute script: c
/bin/bash: c: command not found
INFO:hackathon.launcher:execute script: /
/bin/bash: /: Is a directory
INFO:hackathon.launcher:execute script: g
/bin/bash: g: command not found
INFO:hackathon.launcher:execute script: i
/bin/bash: i: command not found
INFO:hackathon.launcher:execute script: t
/bin/bash: t: command not found
INFO:hackathon.launcher:execute script: h
/bin/bash: h: command not found
INFO:hackathon.launcher:execute script: u
/bin/bash: u: command not found
INFO:hackathon.launcher:execute script: b
/bin/bash: b: command not found
INFO:hackathon.launcher:execute script: .
/bin/bash: line 0: .: filename argument required
.: usage: . filename [arguments]
INFO:hackathon.launcher:execute script: c
/bin/bash: c: command not found
INFO:hackathon.launcher:execute script: o
/bin/bash: o: command not found
INFO:hackathon.launcher:execute script: m
/bin/bash: m: command not found
INFO:hackathon.launcher:execute script: /
/bin/bash: /: Is a directory
INFO:hackathon.launcher:execute script: w
 15:01:30 up 0 min,  0 users,  load average: 0.94, 0.22, 0.07
USER     TTY      FROM             LOGIN@   IDLE   JCPU   PCPU WHAT
INFO:hackathon.launcher:execute script: a
/bin/bash: a: command not found
INFO:hackathon.launcher:execute script: n
/bin/bash: n: command not found
INFO:hackathon.launcher:execute script: g
/bin/bash: g: command not found
INFO:hackathon.launcher:execute script: g
/bin/bash: g: command not found
INFO:hackathon.launcher:execute script: p
/bin/bash: p: command not found
INFO:hackathon.launcher:execute script: 3
/bin/bash: 3: command not found
INFO:hackathon.launcher:execute script: /
/bin/bash: /: Is a directory
INFO:hackathon.launcher:execute script: m
/bin/bash: m: command not found
INFO:hackathon.launcher:execute script: a
/bin/bash: a: command not found
INFO:hackathon.launcher:execute script: i
/bin/bash: i: command not found
INFO:hackathon.launcher:execute script: n
/bin/bash: n: command not found
INFO:hackathon.launcher:execute script: .
/bin/bash: line 0: .: filename argument required
.: usage: . filename [arguments]
INFO:hackathon.launcher:execute script: g
/bin/bash: g: command not found
INFO:hackathon.launcher:execute script: o
/bin/bash: o: command not found
[I 151127 15:01:31 server:271] Serving on http://127.0.0.1:5500
[I 151127 15:01:31 handlers:58] Start watching changes
[I 151127 15:01:31 handlers:60] Start detecting changes
INFO:hackathon.launcher:app launching...
INFO:hackathon.launcher:execute script: /
/bin/bash: /: Is a directory
INFO:hackathon.launcher:execute script: /
/bin/bash: /: Is a directory
INFO:hackathon.launcher:execute script:  
INFO:hackathon.launcher:execute script:  
INFO:hackathon.launcher:execute script: -
/bin/bash: -c: option requires an argument
INFO:hackathon.launcher:execute script:  
INFO:hackathon.launcher:execute script: G
/bin/bash: G: command not found
INFO:hackathon.launcher:execute script: O
/bin/bash: O: command not found
INFO:hackathon.launcher:execute script: P
/bin/bash: P: command not found
INFO:hackathon.launcher:execute script: A
/bin/bash: A: command not found
INFO:hackathon.launcher:execute script: T
/bin/bash: T: command not found
INFO:hackathon.launcher:execute script: H
/bin/bash: H: command not found
INFO:hackathon.launcher:execute script: =
/bin/bash: =: command not found
INFO:hackathon.launcher:execute script: /
/bin/bash: /: Is a directory
INFO:hackathon.launcher:execute script: v
/bin/bash: v: command not found
INFO:hackathon.launcher:execute script: a
/bin/bash: a: command not found
INFO:hackathon.launcher:execute script: g
/bin/bash: g: command not found
INFO:hackathon.launcher:execute script: r
/bin/bash: r: command not found
INFO:hackathon.launcher:execute script: a
/bin/bash: a: command not found
INFO:hackathon.launcher:execute script: n
/bin/bash: n: command not found
INFO:hackathon.launcher:execute script: t
/bin/bash: t: command not found
INFO:hackathon.launcher:execute script:  
INFO:hackathon.launcher:execute script: g
/bin/bash: g: command not found
INFO:hackathon.launcher:execute script: o
/bin/bash: o: command not found
INFO:hackathon.launcher:execute script:  
INFO:hackathon.launcher:execute script: r
/bin/bash: r: command not found
INFO:hackathon.launcher:execute script: u
/bin/bash: u: command not found
INFO:hackathon.launcher:execute script: n
/bin/bash: n: command not found
INFO:hackathon.launcher:execute script:  
INFO:hackathon.launcher:execute script: s
/bin/bash: s: command not found
INFO:hackathon.launcher:execute script: r
/bin/bash: r: command not found
INFO:hackathon.launcher:execute script: c
/bin/bash: c: command not found
INFO:hackathon.launcher:execute script: /
/bin/bash: /: Is a directory
INFO:hackathon.launcher:execute script: g
/bin/bash: g: command not found
INFO:hackathon.launcher:execute script: i
/bin/bash: i: command not found
INFO:hackathon.launcher:execute script: t
/bin/bash: t: command not found
INFO:hackathon.launcher:execute script: h
/bin/bash: h: command not found
INFO:hackathon.launcher:execute script: u
/bin/bash: u: command not found
INFO:hackathon.launcher:execute script: b
/bin/bash: b: command not found
INFO:hackathon.launcher:execute script: .
/bin/bash: line 0: .: filename argument required
.: usage: . filename [arguments]
INFO:hackathon.launcher:execute script: c
/bin/bash: c: command not found
INFO:hackathon.launcher:execute script: o
/bin/bash: o: command not found
INFO:hackathon.launcher:execute script: m
/bin/bash: m: command not found
INFO:hackathon.launcher:execute script: /
/bin/bash: /: Is a directory
INFO:hackathon.launcher:execute script: w
 15:01:32 up 0 min,  0 users,  load average: 0.94, 0.22, 0.07
USER     TTY      FROM             LOGIN@   IDLE   JCPU   PCPU WHAT
INFO:hackathon.launcher:execute script: a
/bin/bash: a: command not found
INFO:hackathon.launcher:execute script: n
/bin/bash: n: command not found
INFO:hackathon.launcher:execute script: g
/bin/bash: g: command not found
INFO:hackathon.launcher:execute script: g
/bin/bash: g: command not found
INFO:hackathon.launcher:execute script: p
/bin/bash: p: command not found
INFO:hackathon.launcher:execute script: 3
/bin/bash: 3: command not found
INFO:hackathon.launcher:execute script: /
/bin/bash: /: Is a directory
INFO:hackathon.launcher:execute script: m
/bin/bash: m: command not found
INFO:hackathon.launcher:execute script: a
/bin/bash: a: command not found
INFO:hackathon.launcher:execute script: i
/bin/bash: i: command not found
INFO:hackathon.launcher:execute script: n
/bin/bash: n: command not found
INFO:hackathon.launcher:execute script: .
/bin/bash: line 0: .: filename argument required
.: usage: . filename [arguments]
INFO:hackathon.launcher:execute script: g
/bin/bash: g: command not found
INFO:hackathon.launcher:execute script: o
/bin/bash: o: command not found
[I 151127 15:25:34 hackathon-appreload:13] app restarting...
[I 151127 15:25:34 hackathon-appreload:23] app restarted...
INFO:hackathon.launcher:app launching...
INFO:hackathon.launcher:execute script: /
/bin/bash: /: Is a directory
INFO:hackathon.launcher:execute script: /
/bin/bash: /: Is a directory
INFO:hackathon.launcher:execute script:  
INFO:hackathon.launcher:execute script:  
INFO:hackathon.launcher:execute script: -
/bin/bash: -c: option requires an argument
INFO:hackathon.launcher:execute script:  
INFO:hackathon.launcher:execute script: G
/bin/bash: G: command not found
INFO:hackathon.launcher:execute script: O
/bin/bash: O: command not found
INFO:hackathon.launcher:execute script: P
/bin/bash: P: command not found
INFO:hackathon.launcher:execute script: A
/bin/bash: A: command not found
INFO:hackathon.launcher:execute script: T
/bin/bash: T: command not found
INFO:hackathon.launcher:execute script: H
/bin/bash: H: command not found
INFO:hackathon.launcher:execute script: =
/bin/bash: =: command not found
INFO:hackathon.launcher:execute script: /
/bin/bash: /: Is a directory
INFO:hackathon.launcher:execute script: v
/bin/bash: v: command not found
INFO:hackathon.launcher:execute script: a
/bin/bash: a: command not found
INFO:hackathon.launcher:execute script: g
/bin/bash: g: command not found
INFO:hackathon.launcher:execute script: r
/bin/bash: r: command not found
INFO:hackathon.launcher:execute script: a
/bin/bash: a: command not found
INFO:hackathon.launcher:execute script: n
/bin/bash: n: command not found
INFO:hackathon.launcher:execute script: t
/bin/bash: t: command not found
INFO:hackathon.launcher:execute script:  
INFO:hackathon.launcher:execute script: g
/bin/bash: g: command not found
INFO:hackathon.launcher:execute script: o
/bin/bash: o: command not found
INFO:hackathon.launcher:execute script:  
INFO:hackathon.launcher:execute script: r
/bin/bash: r: command not found
INFO:hackathon.launcher:execute script: u
/bin/bash: u: command not found
INFO:hackathon.launcher:execute script: n
/bin/bash: n: command not found
INFO:hackathon.launcher:execute script:  
INFO:hackathon.launcher:execute script: s
/bin/bash: s: command not found
INFO:hackathon.launcher:execute script: r
/bin/bash: r: command not found
INFO:hackathon.launcher:execute script: c
/bin/bash: c: command not found
INFO:hackathon.launcher:execute script: /
/bin/bash: /: Is a directory
INFO:hackathon.launcher:execute script: g
/bin/bash: g: command not found
INFO:hackathon.launcher:execute script: i
/bin/bash: i: command not found
INFO:hackathon.launcher:execute script: t
/bin/bash: t: command not found
INFO:hackathon.launcher:execute script: h
/bin/bash: h: command not found
INFO:hackathon.launcher:execute script: u
/bin/bash: u: command not found
INFO:hackathon.launcher:execute script: b
/bin/bash: b: command not found
INFO:hackathon.launcher:execute script: .
/bin/bash: line 0: .: filename argument required
.: usage: . filename [arguments]
INFO:hackathon.launcher:execute script: c
/bin/bash: c: command not found
INFO:hackathon.launcher:execute script: o
/bin/bash: o: command not found
INFO:hackathon.launcher:execute script: m
/bin/bash: m: command not found
INFO:hackathon.launcher:execute script: /
/bin/bash: /: Is a directory
INFO:hackathon.launcher:execute script: w
 15:25:34 up 24 min,  2 users,  load average: 0.19, 0.29, 0.46
USER     TTY      FROM             LOGIN@   IDLE   JCPU   PCPU WHAT
vagrant  pts/0    10.0.2.2         15:01    4.00s  0.36s  0.36s -bash
vagrant  pts/2    10.0.2.2         15:02    3:25   0.33s  0.33s -bash
INFO:hackathon.launcher:execute script: a
/bin/bash: a: command not found
INFO:hackathon.launcher:execute script: n
/bin/bash: n: command not found
INFO:hackathon.launcher:execute script: g
/bin/bash: g: command not found
INFO:hackathon.launcher:execute script: g
/bin/bash: g: command not found
INFO:hackathon.launcher:execute script: p
/bin/bash: p: command not found
INFO:hackathon.launcher:execute script: 3
/bin/bash: 3: command not found
INFO:hackathon.launcher:execute script: /
/bin/bash: /: Is a directory
INFO:hackathon.launcher:execute script: m
/bin/bash: m: command not found
INFO:hackathon.launcher:execute script: a
/bin/bash: a: command not found
INFO:hackathon.launcher:execute script: i
/bin/bash: i: command not found
INFO:hackathon.launcher:execute script: n
/bin/bash: n: command not found
INFO:hackathon.launcher:execute script: .
/bin/bash: line 0: .: filename argument required
.: usage: . filename [arguments]
INFO:hackathon.launcher:execute script: g
/bin/bash: g: command not found
INFO:hackathon.launcher:execute script: o
/bin/bash: o: command not found
[I 151127 15:26:36 hackathon-appreload:13] app restarting...
[I 151127 15:26:36 hackathon-appreload:23] app restarted...
INFO:hackathon.launcher:app launching...
INFO:hackathon.launcher:execute script: /
/bin/bash: /: Is a directory
INFO:hackathon.launcher:execute script: /
/bin/bash: /: Is a directory
INFO:hackathon.launcher:execute script:  
INFO:hackathon.launcher:execute script:  
INFO:hackathon.launcher:execute script: -
/bin/bash: -c: option requires an argument
INFO:hackathon.launcher:execute script:  
INFO:hackathon.launcher:execute script: G
/bin/bash: G: command not found
INFO:hackathon.launcher:execute script: O
/bin/bash: O: command not found
INFO:hackathon.launcher:execute script: P
/bin/bash: P: command not found
INFO:hackathon.launcher:execute script: A
/bin/bash: A: command not found
INFO:hackathon.launcher:execute script: T
/bin/bash: T: command not found
INFO:hackathon.launcher:execute script: H
/bin/bash: H: command not found
INFO:hackathon.launcher:execute script: =
/bin/bash: =: command not found
INFO:hackathon.launcher:execute script: /
/bin/bash: /: Is a directory
INFO:hackathon.launcher:execute script: v
/bin/bash: v: command not found
INFO:hackathon.launcher:execute script: a
/bin/bash: a: command not found
INFO:hackathon.launcher:execute script: g
/bin/bash: g: command not found
INFO:hackathon.launcher:execute script: r
/bin/bash: r: command not found
INFO:hackathon.launcher:execute script: a
/bin/bash: a: command not found
INFO:hackathon.launcher:execute script: n
/bin/bash: n: command not found
INFO:hackathon.launcher:execute script: t
/bin/bash: t: command not found
INFO:hackathon.launcher:execute script:  
INFO:hackathon.launcher:execute script: g
/bin/bash: g: command not found
INFO:hackathon.launcher:execute script: o
/bin/bash: o: command not found
INFO:hackathon.launcher:execute script:  
INFO:hackathon.launcher:execute script: r
/bin/bash: r: command not found
INFO:hackathon.launcher:execute script: u
/bin/bash: u: command not found
INFO:hackathon.launcher:execute script: n
/bin/bash: n: command not found
INFO:hackathon.launcher:execute script:  
INFO:hackathon.launcher:execute script: s
/bin/bash: s: command not found
INFO:hackathon.launcher:execute script: r
/bin/bash: r: command not found
INFO:hackathon.launcher:execute script: c
/bin/bash: c: command not found
INFO:hackathon.launcher:execute script: /
/bin/bash: /: Is a directory
INFO:hackathon.launcher:execute script: g
/bin/bash: g: command not found
INFO:hackathon.launcher:execute script: i
/bin/bash: i: command not found
INFO:hackathon.launcher:execute script: t
/bin/bash: t: command not found
INFO:hackathon.launcher:execute script: h
/bin/bash: h: command not found
INFO:hackathon.launcher:execute script: u
/bin/bash: u: command not found
INFO:hackathon.launcher:execute script: b
/bin/bash: b: command not found
INFO:hackathon.launcher:execute script: .
/bin/bash: line 0: .: filename argument required
.: usage: . filename [arguments]
INFO:hackathon.launcher:execute script: c
/bin/bash: c: command not found
INFO:hackathon.launcher:execute script: o
/bin/bash: o: command not found
INFO:hackathon.launcher:execute script: m
/bin/bash: m: command not found
INFO:hackathon.launcher:execute script: /
/bin/bash: /: Is a directory
INFO:hackathon.launcher:execute script: w
 15:26:37 up 25 min,  2 users,  load average: 0.27, 0.29, 0.45
USER     TTY      FROM             LOGIN@   IDLE   JCPU   PCPU WHAT
vagrant  pts/0    10.0.2.2         15:01    1:07   0.36s  0.36s -bash
vagrant  pts/2    10.0.2.2         15:02    4:28   0.33s  0.33s -bash
INFO:hackathon.launcher:execute script: a
/bin/bash: a: command not found
INFO:hackathon.launcher:execute script: n
/bin/bash: n: command not found
INFO:hackathon.launcher:execute script: g
/bin/bash: g: command not found
INFO:hackathon.launcher:execute script: g
/bin/bash: g: command not found
INFO:hackathon.launcher:execute script: p
/bin/bash: p: command not found
INFO:hackathon.launcher:execute script: 3
/bin/bash: 3: command not found
INFO:hackathon.launcher:execute script: /
/bin/bash: /: Is a directory
INFO:hackathon.launcher:execute script: m
/bin/bash: m: command not found
INFO:hackathon.launcher:execute script: a
/bin/bash: a: command not found
INFO:hackathon.launcher:execute script: i
/bin/bash: i: command not found
INFO:hackathon.launcher:execute script: n
/bin/bash: n: command not found
INFO:hackathon.launcher:execute script: .
/bin/bash: line 0: .: filename argument required
.: usage: . filename [arguments]
INFO:hackathon.launcher:execute script: g
/bin/bash: g: command not found
INFO:hackathon.launcher:execute script: o
/bin/bash: o: command not found
[I 151127 15:26:54 hackathon-appreload:13] app restarting...
[I 151127 15:26:54 hackathon-appreload:23] app restarted...
INFO:hackathon.launcher:app launching...
INFO:hackathon.launcher:execute script: /
/bin/bash: /: Is a directory
INFO:hackathon.launcher:execute script: /
/bin/bash: /: Is a directory
INFO:hackathon.launcher:execute script:  
INFO:hackathon.launcher:execute script:  
INFO:hackathon.launcher:execute script: -
/bin/bash: -c: option requires an argument
INFO:hackathon.launcher:execute script:  
INFO:hackathon.launcher:execute script: G
/bin/bash: G: command not found
INFO:hackathon.launcher:execute script: O
/bin/bash: O: command not found
INFO:hackathon.launcher:execute script: P
/bin/bash: P: command not found
INFO:hackathon.launcher:execute script: A
/bin/bash: A: command not found
INFO:hackathon.launcher:execute script: T
/bin/bash: T: command not found
INFO:hackathon.launcher:execute script: H
/bin/bash: H: command not found
INFO:hackathon.launcher:execute script: =
/bin/bash: =: command not found
INFO:hackathon.launcher:execute script: /
/bin/bash: /: Is a directory
INFO:hackathon.launcher:execute script: v
/bin/bash: v: command not found
INFO:hackathon.launcher:execute script: a
/bin/bash: a: command not found
INFO:hackathon.launcher:execute script: g
/bin/bash: g: command not found
INFO:hackathon.launcher:execute script: r
/bin/bash: r: command not found
INFO:hackathon.launcher:execute script: a
/bin/bash: a: command not found
INFO:hackathon.launcher:execute script: n
/bin/bash: n: command not found
INFO:hackathon.launcher:execute script: t
/bin/bash: t: command not found
INFO:hackathon.launcher:execute script:  
INFO:hackathon.launcher:execute script: g
/bin/bash: g: command not found
INFO:hackathon.launcher:execute script: o
/bin/bash: o: command not found
INFO:hackathon.launcher:execute script:  
INFO:hackathon.launcher:execute script: r
/bin/bash: r: command not found
INFO:hackathon.launcher:execute script: u
/bin/bash: u: command not found
INFO:hackathon.launcher:execute script: n
/bin/bash: n: command not found
INFO:hackathon.launcher:execute script:  
INFO:hackathon.launcher:execute script: s
/bin/bash: s: command not found
INFO:hackathon.launcher:execute script: r
/bin/bash: r: command not found
INFO:hackathon.launcher:execute script: c
/bin/bash: c: command not found
INFO:hackathon.launcher:execute script: /
/bin/bash: /: Is a directory
INFO:hackathon.launcher:execute script: g
/bin/bash: g: command not found
INFO:hackathon.launcher:execute script: i
/bin/bash: i: command not found
INFO:hackathon.launcher:execute script: t
/bin/bash: t: command not found
INFO:hackathon.launcher:execute script: h
/bin/bash: h: command not found
INFO:hackathon.launcher:execute script: u
/bin/bash: u: command not found
INFO:hackathon.launcher:execute script: b
/bin/bash: b: command not found
INFO:hackathon.launcher:execute script: .
/bin/bash: line 0: .: filename argument required
.: usage: . filename [arguments]
INFO:hackathon.launcher:execute script: c
/bin/bash: c: command not found
INFO:hackathon.launcher:execute script: o
/bin/bash: o: command not found
INFO:hackathon.launcher:execute script: m
/bin/bash: m: command not found
INFO:hackathon.launcher:execute script: /
/bin/bash: /: Is a directory
INFO:hackathon.launcher:execute script: w
 15:26:54 up 25 min,  2 users,  load average: 0.21, 0.28, 0.45
USER     TTY      FROM             LOGIN@   IDLE   JCPU   PCPU WHAT
vagrant  pts/0    10.0.2.2         15:01   15.00s  0.87s  0.09s /tmp/go-build221206043/command-line-arguments/_obj/exe/main
vagrant  pts/2    10.0.2.2         15:02    4:45   0.33s  0.33s -bash
INFO:hackathon.launcher:execute script: a
/bin/bash: a: command not found
INFO:hackathon.launcher:execute script: n
/bin/bash: n: command not found
INFO:hackathon.launcher:execute script: g
/bin/bash: g: command not found
INFO:hackathon.launcher:execute script: g
/bin/bash: g: command not found
INFO:hackathon.launcher:execute script: p
/bin/bash: p: command not found
INFO:hackathon.launcher:execute script: 3
/bin/bash: 3: command not found
INFO:hackathon.launcher:execute script: /
/bin/bash: /: Is a directory
INFO:hackathon.launcher:execute script: m
/bin/bash: m: command not found
INFO:hackathon.launcher:execute script: a
/bin/bash: a: command not found
INFO:hackathon.launcher:execute script: i
/bin/bash: i: command not found
INFO:hackathon.launcher:execute script: n
/bin/bash: n: command not found
INFO:hackathon.launcher:execute script: .
/bin/bash: line 0: .: filename argument required
.: usage: . filename [arguments]
INFO:hackathon.launcher:execute script: g
/bin/bash: g: command not found
INFO:hackathon.launcher:execute script: o
/bin/bash: o: command not found
[I 151127 15:38:02 hackathon-appreload:13] app restarting...
[I 151127 15:38:02 hackathon-appreload:23] app restarted...
INFO:hackathon.launcher:app launching...
INFO:hackathon.launcher:execute script: /
/bin/bash: /: Is a directory
INFO:hackathon.launcher:execute script: /
/bin/bash: /: Is a directory
INFO:hackathon.launcher:execute script:  
INFO:hackathon.launcher:execute script:  
INFO:hackathon.launcher:execute script: -
/bin/bash: -c: option requires an argument
INFO:hackathon.launcher:execute script:  
INFO:hackathon.launcher:execute script: G
/bin/bash: G: command not found
INFO:hackathon.launcher:execute script: O
/bin/bash: O: command not found
INFO:hackathon.launcher:execute script: P
/bin/bash: P: command not found
INFO:hackathon.launcher:execute script: A
/bin/bash: A: command not found
INFO:hackathon.launcher:execute script: T
/bin/bash: T: command not found
INFO:hackathon.launcher:execute script: H
/bin/bash: H: command not found
INFO:hackathon.launcher:execute script: =
/bin/bash: =: command not found
INFO:hackathon.launcher:execute script: /
/bin/bash: /: Is a directory
INFO:hackathon.launcher:execute script: v
/bin/bash: v: command not found
INFO:hackathon.launcher:execute script: a
/bin/bash: a: command not found
INFO:hackathon.launcher:execute script: g
/bin/bash: g: command not found
INFO:hackathon.launcher:execute script: r
/bin/bash: r: command not found
INFO:hackathon.launcher:execute script: a
/bin/bash: a: command not found
INFO:hackathon.launcher:execute script: n
/bin/bash: n: command not found
INFO:hackathon.launcher:execute script: t
/bin/bash: t: command not found
INFO:hackathon.launcher:execute script:  
INFO:hackathon.launcher:execute script: g
/bin/bash: g: command not found
INFO:hackathon.launcher:execute script: o
/bin/bash: o: command not found
INFO:hackathon.launcher:execute script:  
INFO:hackathon.launcher:execute script: r
/bin/bash: r: command not found
INFO:hackathon.launcher:execute script: u
/bin/bash: u: command not found
INFO:hackathon.launcher:execute script: n
/bin/bash: n: command not found
INFO:hackathon.launcher:execute script:  
INFO:hackathon.launcher:execute script: s
/bin/bash: s: command not found
INFO:hackathon.launcher:execute script: r
/bin/bash: r: command not found
INFO:hackathon.launcher:execute script: c
/bin/bash: c: command not found
INFO:hackathon.launcher:execute script: /
/bin/bash: /: Is a directory
INFO:hackathon.launcher:execute script: g
/bin/bash: g: command not found
INFO:hackathon.launcher:execute script: i
/bin/bash: i: command not found
INFO:hackathon.launcher:execute script: t
/bin/bash: t: command not found
INFO:hackathon.launcher:execute script: h
/bin/bash: h: command not found
INFO:hackathon.launcher:execute script: u
/bin/bash: u: command not found
INFO:hackathon.launcher:execute script: b
/bin/bash: b: command not found
INFO:hackathon.launcher:execute script: .
/bin/bash: line 0: .: filename argument required
.: usage: . filename [arguments]
INFO:hackathon.launcher:execute script: c
/bin/bash: c: command not found
INFO:hackathon.launcher:execute script: o
/bin/bash: o: command not found
INFO:hackathon.launcher:execute script: m
/bin/bash: m: command not found
INFO:hackathon.launcher:execute script: /
/bin/bash: /: Is a directory
INFO:hackathon.launcher:execute script: w
 15:38:02 up 36 min,  2 users,  load average: 0.26, 0.32, 0.45
USER     TTY      FROM             LOGIN@   IDLE   JCPU   PCPU WHAT
vagrant  pts/0    10.0.2.2         15:01   31.00s  0.40s  0.40s -bash
vagrant  pts/2    10.0.2.2         15:02   36.00s  0.58s  0.58s -bash
INFO:hackathon.launcher:execute script: a
/bin/bash: a: command not found
INFO:hackathon.launcher:execute script: n
/bin/bash: n: command not found
INFO:hackathon.launcher:execute script: g
/bin/bash: g: command not found
INFO:hackathon.launcher:execute script: g
/bin/bash: g: command not found
INFO:hackathon.launcher:execute script: p
/bin/bash: p: command not found
INFO:hackathon.launcher:execute script: 3
/bin/bash: 3: command not found
INFO:hackathon.launcher:execute script: /
/bin/bash: /: Is a directory
INFO:hackathon.launcher:execute script: m
/bin/bash: m: command not found
INFO:hackathon.launcher:execute script: a
/bin/bash: a: command not found
INFO:hackathon.launcher:execute script: i
/bin/bash: i: command not found
INFO:hackathon.launcher:execute script: n
/bin/bash: n: command not found
INFO:hackathon.launcher:execute script: .
/bin/bash: line 0: .: filename argument required
.: usage: . filename [arguments]
INFO:hackathon.launcher:execute script: g
/bin/bash: g: command not found
INFO:hackathon.launcher:execute script: o
/bin/bash: o: command not found
[I 151127 15:40:32 hackathon-appreload:13] app restarting...
[I 151127 15:40:32 hackathon-appreload:23] app restarted...
INFO:hackathon.launcher:app launching...
INFO:hackathon.launcher:execute script: /
/bin/bash: /: Is a directory
INFO:hackathon.launcher:execute script: /
/bin/bash: /: Is a directory
INFO:hackathon.launcher:execute script:  
INFO:hackathon.launcher:execute script:  
INFO:hackathon.launcher:execute script: -
/bin/bash: -c: option requires an argument
INFO:hackathon.launcher:execute script:  
INFO:hackathon.launcher:execute script: G
/bin/bash: G: command not found
INFO:hackathon.launcher:execute script: O
/bin/bash: O: command not found
INFO:hackathon.launcher:execute script: P
/bin/bash: P: command not found
INFO:hackathon.launcher:execute script: A
/bin/bash: A: command not found
INFO:hackathon.launcher:execute script: T
/bin/bash: T: command not found
INFO:hackathon.launcher:execute script: H
/bin/bash: H: command not found
INFO:hackathon.launcher:execute script: =
/bin/bash: =: command not found
INFO:hackathon.launcher:execute script: /
/bin/bash: /: Is a directory
INFO:hackathon.launcher:execute script: v
/bin/bash: v: command not found
INFO:hackathon.launcher:execute script: a
/bin/bash: a: command not found
INFO:hackathon.launcher:execute script: g
/bin/bash: g: command not found
INFO:hackathon.launcher:execute script: r
/bin/bash: r: command not found
INFO:hackathon.launcher:execute script: a
/bin/bash: a: command not found
INFO:hackathon.launcher:execute script: n
/bin/bash: n: command not found
INFO:hackathon.launcher:execute script: t
/bin/bash: t: command not found
INFO:hackathon.launcher:execute script:  
INFO:hackathon.launcher:execute script: g
/bin/bash: g: command not found
INFO:hackathon.launcher:execute script: o
/bin/bash: o: command not found
INFO:hackathon.launcher:execute script:  
INFO:hackathon.launcher:execute script: r
/bin/bash: r: command not found
INFO:hackathon.launcher:execute script: u
/bin/bash: u: command not found
INFO:hackathon.launcher:execute script: n
/bin/bash: n: command not found
INFO:hackathon.launcher:execute script:  
INFO:hackathon.launcher:execute script: s
/bin/bash: s: command not found
INFO:hackathon.launcher:execute script: r
/bin/bash: r: command not found
INFO:hackathon.launcher:execute script: c
/bin/bash: c: command not found
INFO:hackathon.launcher:execute script: /
/bin/bash: /: Is a directory
INFO:hackathon.launcher:execute script: g
/bin/bash: g: command not found
INFO:hackathon.launcher:execute script: i
/bin/bash: i: command not found
INFO:hackathon.launcher:execute script: t
/bin/bash: t: command not found
INFO:hackathon.launcher:execute script: h
/bin/bash: h: command not found
INFO:hackathon.launcher:execute script: u
/bin/bash: u: command not found
INFO:hackathon.launcher:execute script: b
/bin/bash: b: command not found
INFO:hackathon.launcher:execute script: .
/bin/bash: line 0: .: filename argument required
.: usage: . filename [arguments]
INFO:hackathon.launcher:execute script: c
/bin/bash: c: command not found
INFO:hackathon.launcher:execute script: o
/bin/bash: o: command not found
INFO:hackathon.launcher:execute script: m
/bin/bash: m: command not found
INFO:hackathon.launcher:execute script: /
/bin/bash: /: Is a directory
INFO:hackathon.launcher:execute script: w
 15:40:32 up 39 min,  3 users,  load average: 0.64, 0.67, 0.58
USER     TTY      FROM             LOGIN@   IDLE   JCPU   PCPU WHAT
vagrant  pts/0    10.0.2.2         15:01    2:24  33.50s 32.83s /tmp/go-build397135044/command-line-arguments/_obj/exe/main
vagrant  pts/2    10.0.2.2         15:02    2:18   0.59s  0.59s -bash
vagrant  pts/3    10.0.2.2         15:39   18.00s  0.22s  0.22s -bash
INFO:hackathon.launcher:execute script: a
/bin/bash: a: command not found
INFO:hackathon.launcher:execute script: n
/bin/bash: n: command not found
INFO:hackathon.launcher:execute script: g
/bin/bash: g: command not found
INFO:hackathon.launcher:execute script: g
/bin/bash: g: command not found
INFO:hackathon.launcher:execute script: p
/bin/bash: p: command not found
INFO:hackathon.launcher:execute script: 3
/bin/bash: 3: command not found
INFO:hackathon.launcher:execute script: /
/bin/bash: /: Is a directory
INFO:hackathon.launcher:execute script: m
/bin/bash: m: command not found
INFO:hackathon.launcher:execute script: a
/bin/bash: a: command not found
INFO:hackathon.launcher:execute script: i
/bin/bash: i: command not found
INFO:hackathon.launcher:execute script: n
/bin/bash: n: command not found
INFO:hackathon.launcher:execute script: .
/bin/bash: line 0: .: filename argument required
.: usage: . filename [arguments]
INFO:hackathon.launcher:execute script: g
/bin/bash: g: command not found
INFO:hackathon.launcher:execute script: o
/bin/bash: o: command not found
[I 151127 15:47:22 hackathon-appreload:13] app restarting...
[I 151127 15:47:22 hackathon-appreload:23] app restarted...
INFO:hackathon.launcher:app launching...
INFO:hackathon.launcher:execute script: /
/bin/bash: /: Is a directory
INFO:hackathon.launcher:execute script: /
/bin/bash: /: Is a directory
INFO:hackathon.launcher:execute script:  
INFO:hackathon.launcher:execute script:  
INFO:hackathon.launcher:execute script: -
/bin/bash: -c: option requires an argument
INFO:hackathon.launcher:execute script:  
INFO:hackathon.launcher:execute script: G
/bin/bash: G: command not found
INFO:hackathon.launcher:execute script: O
/bin/bash: O: command not found
INFO:hackathon.launcher:execute script: P
/bin/bash: P: command not found
INFO:hackathon.launcher:execute script: A
/bin/bash: A: command not found
INFO:hackathon.launcher:execute script: T
/bin/bash: T: command not found
INFO:hackathon.launcher:execute script: H
/bin/bash: H: command not found
INFO:hackathon.launcher:execute script: =
/bin/bash: =: command not found
INFO:hackathon.launcher:execute script: /
/bin/bash: /: Is a directory
INFO:hackathon.launcher:execute script: v
/bin/bash: v: command not found
INFO:hackathon.launcher:execute script: a
/bin/bash: a: command not found
INFO:hackathon.launcher:execute script: g
/bin/bash: g: command not found
INFO:hackathon.launcher:execute script: r
/bin/bash: r: command not found
INFO:hackathon.launcher:execute script: a
/bin/bash: a: command not found
INFO:hackathon.launcher:execute script: n
/bin/bash: n: command not found
INFO:hackathon.launcher:execute script: t
/bin/bash: t: command not found
INFO:hackathon.launcher:execute script:  
INFO:hackathon.launcher:execute script: g
/bin/bash: g: command not found
INFO:hackathon.launcher:execute script: o
/bin/bash: o: command not found
INFO:hackathon.launcher:execute script:  
INFO:hackathon.launcher:execute script: r
/bin/bash: r: command not found
INFO:hackathon.launcher:execute script: u
/bin/bash: u: command not found
INFO:hackathon.launcher:execute script: n
/bin/bash: n: command not found
INFO:hackathon.launcher:execute script:  
INFO:hackathon.launcher:execute script: s
/bin/bash: s: command not found
INFO:hackathon.launcher:execute script: r
/bin/bash: r: command not found
INFO:hackathon.launcher:execute script: c
/bin/bash: c: command not found
INFO:hackathon.launcher:execute script: /
/bin/bash: /: Is a directory
INFO:hackathon.launcher:execute script: g
/bin/bash: g: command not found
INFO:hackathon.launcher:execute script: i
/bin/bash: i: command not found
INFO:hackathon.launcher:execute script: t
/bin/bash: t: command not found
INFO:hackathon.launcher:execute script: h
/bin/bash: h: command not found
INFO:hackathon.launcher:execute script: u
/bin/bash: u: command not found
INFO:hackathon.launcher:execute script: b
/bin/bash: b: command not found
INFO:hackathon.launcher:execute script: .
/bin/bash: line 0: .: filename argument required
.: usage: . filename [arguments]
INFO:hackathon.launcher:execute script: c
/bin/bash: c: command not found
INFO:hackathon.launcher:execute script: o
/bin/bash: o: command not found
INFO:hackathon.launcher:execute script: m
/bin/bash: m: command not found
INFO:hackathon.launcher:execute script: /
/bin/bash: /: Is a directory
INFO:hackathon.launcher:execute script: w
 15:47:22 up 46 min,  3 users,  load average: 0.23, 0.56, 0.63
USER     TTY      FROM             LOGIN@   IDLE   JCPU   PCPU WHAT
vagrant  pts/0    10.0.2.2         15:01    6:43  30.48s 29.73s /tmp/go-build215421749/command-line-arguments/_obj/exe/main
vagrant  pts/2    10.0.2.2         15:02    6:45   0.59s  0.59s -bash
vagrant  pts/3    10.0.2.2         15:39   21.00s  0.36s  0.36s -bash
INFO:hackathon.launcher:execute script: a
/bin/bash: a: command not found
INFO:hackathon.launcher:execute script: n
/bin/bash: n: command not found
INFO:hackathon.launcher:execute script: g
/bin/bash: g: command not found
INFO:hackathon.launcher:execute script: g
/bin/bash: g: command not found
INFO:hackathon.launcher:execute script: p
/bin/bash: p: command not found
INFO:hackathon.launcher:execute script: 3
/bin/bash: 3: command not found
INFO:hackathon.launcher:execute script: /
/bin/bash: /: Is a directory
INFO:hackathon.launcher:execute script: m
/bin/bash: m: command not found
INFO:hackathon.launcher:execute script: a
/bin/bash: a: command not found
INFO:hackathon.launcher:execute script: i
/bin/bash: i: command not found
INFO:hackathon.launcher:execute script: n
/bin/bash: n: command not found
INFO:hackathon.launcher:execute script: .
/bin/bash: line 0: .: filename argument required
.: usage: . filename [arguments]
INFO:hackathon.launcher:execute script: g
/bin/bash: g: command not found
INFO:hackathon.launcher:execute script: o
/bin/bash: o: command not found
[I 151127 15:48:24 hackathon-appreload:13] app restarting...
[I 151127 15:48:24 hackathon-appreload:23] app restarted...
INFO:hackathon.launcher:app launching...
INFO:hackathon.launcher:execute script: GOPATH=/vagrant go run src/github.com/wanggp3/main.go
2015/11/27 15:48:25 add router
2015/11/27 15:48:25 add router end, server start
2015/11/27 15:48:25 listen tcp 0.0.0.0:8080: bind: address already in use
exit status 1
